CBMC version 5.4 64-bit x86_64 linux
Parsing _cs_wrapper.c
<command-line>: warning: "__STDC_VERSION__" redefined
<built-in>: note: this is the location of the previous definition
Converting
Type-checking _cs_wrapper
file _cs_wrapper.c line 106 function __cs_init_scalar: function `malloc' is not declared
Generating GOTO Program
Adding CPROVER library (x86_64)
<command-line>: warning: "__STDC_VERSION__" redefined
<built-in>: note: this is the location of the previous definition
warning: implicit function declaration "malloc"
old definition in module _cs_wrapper file _cs_wrapper.c line 106 function __cs_init_scalar
void * (void)
new definition in module <built-in-library> file <builtin-library-malloc> line 4
void * (unsigned long int malloc_size)

Function Pointer Removal
Partial Inlining
Generic Property Instrumentation
Starting Bounded Model Checking
size of program expression: 676 steps
simple slicing removed 0 assignments
Generated 0 VCC(s), 0 remaining after simplification
VERIFICATION SUCCESSFUL
